{
  "stats": {
    "suites": 1,
    "tests": 2,
    "passes": 1,
    "pending": 0,
    "failures": 1,
    "start": "2021-12-10T21:24:21.160Z",
    "end": "2021-12-10T21:24:26.393Z",
    "duration": 5233,
    "testsRegistered": 2,
    "passPercent": 50,
    "pendingPercent": 0,
    "other": 0,
    "hasOther": false,
    "skipped": 0,
    "hasSkipped": false
  },
  "results": [
    {
      "uuid": "84465f6e-f520-48e6-ad7e-9bae4a0fece1",
      "title": "",
      "fullFile": "cypress/integration/project.spec.js",
      "file": "cypress/integration/project.spec.js",
      "beforeHooks": [],
      "afterHooks": [],
      "tests": [],
      "suites": [
        {
          "uuid": "27abbd70-45f8-461e-940c-1db4b6c64a02",
          "title": "11 - Adicione um botão com id=\"remover-finalizados\" que quando clicado remove **somente** os elementos finalizados da sua lista",
          "fullFile": "",
          "file": "",
          "beforeHooks": [],
          "afterHooks": [],
          "tests": [
            {
              "title": "Será verificado que existe um elemento `button` com o id `remover-finalizados`",
              "fullTitle": "11 - Adicione um botão com id=\"remover-finalizados\" que quando clicado remove **somente** os elementos finalizados da sua lista Será verificado que existe um elemento `button` com o id `remover-finalizados`",
              "timedOut": null,
              "duration": 1083,
              "state": "passed",
              "speed": "slow",
              "pass": true,
              "fail": false,
              "pending": false,
              "context": null,
              "code": "cy.get(TODO_REMOVE_DONE_BUTTON_SELECTOR).should('exist');",
              "err": {},
              "uuid": "d93a5fb2-fdd4-4649-b956-781ce93b48d5",
              "parentUUID": "27abbd70-45f8-461e-940c-1db4b6c64a02",
              "isHook": false,
              "skipped": false
            },
            {
              "title": "Será verificado que, ao clicar no botão, todos os elementos marcados como feitos são removidos da lista",
              "fullTitle": "11 - Adicione um botão com id=\"remover-finalizados\" que quando clicado remove **somente** os elementos finalizados da sua lista Será verificado que, ao clicar no botão, todos os elementos marcados como feitos são removidos da lista",
              "timedOut": null,
              "duration": 3942,
              "state": "failed",
              "speed": null,
              "pass": false,
              "fail": true,
              "pending": false,
              "context": null,
              "code": "var todo1 = {\n  content: 'vou terminar essa tarefa logo'\n};\nvar todo2 = {\n  content: 'essa tarefa eu vou demorar para finalizar'\n};\nvar todo3 = {\n  content: 'essa tarefa tbm vai demorar...'\n};\nvar todos = [todo1, todo2, todo3];\naddTodos(todos);\ncy.get(\"\".concat(TODO_LIST_LINE_SELECTOR, \":nth-child(2)\")).dblclick();\ncy.get(\"\".concat(TODO_LIST_LINE_SELECTOR, \":nth-child(3)\")).dblclick();\ncy.get(TODO_REMOVE_DONE_BUTTON_SELECTOR).click();\ncheckTodoList([todo1]);",
              "err": {
                "message": "TypeError: Cannot read property 'content' of undefined",
                "estack": "TypeError: Cannot read property 'content' of undefined\n    at Context.<anonymous> (http://localhost:33857/__cypress/tests?p=cypress/integration/project.spec.js-673:88:37)",
                "diff": null
              },
              "uuid": "17c78532-a587-4294-a580-a4c5add00468",
              "parentUUID": "27abbd70-45f8-461e-940c-1db4b6c64a02",
              "isHook": false,
              "skipped": false
            }
          ],
          "suites": [],
          "passes": [
            "d93a5fb2-fdd4-4649-b956-781ce93b48d5"
          ],
          "failures": [
            "17c78532-a587-4294-a580-a4c5add00468"
          ],
          "pending": [],
          "skipped": [],
          "duration": 5025,
          "root": false,
          "rootEmpty": false,
          "_timeout": 2000
        }
      ],
      "passes": [],
      "failures": [],
      "pending": [],
      "skipped": [],
      "duration": 0,
      "root": true,
      "rootEmpty": true,
      "_timeout": 2000
    }
  ],
  "meta": {
    "mocha": {
      "version": "7.0.1"
    },
    "mochawesome": {
      "options": {
        "quiet": false,
        "reportFilename": "mochawesome",
        "saveHtml": false,
        "saveJson": true,
        "consoleReporter": "spec",
        "useInlineDiffs": false
      },
      "version": "4.1.0"
    },
    "marge": {
      "options": {
        "id": "default",
        "reportDir": "cypress/reports",
        "overwrite": true,
        "html": false,
        "json": true
      },
      "version": "4.1.0"
    }
  }
}